# JRE version: Java(TM) SE Runtime Environment (8.0-b124) (build 1.8.0-ea-b124)
# Java VM: Java HotSpot(TM) 64-Bit Server VM (25.0-b66 mixed mode linux-amd64 compressed oops)
Heap:
 PSYoungGen      total 14848K, used 12849K [0x00000000fab00000, 0x00000000fbe00000, 0x0000000100000000)
  eden space 11776K, 90% used [0x00000000fab00000,0x00000000fb56d048,0x00000000fb680000)
  from space 3072K, 70% used [0x00000000fba00000,0x00000000fbc1f4d0,0x00000000fbd00000)
  to   space 3584K, 0% used [0x00000000fb680000,0x00000000fb680000,0x00000000fba00000)
 ParOldGen       total 92672K, used 3798K [0x00000000f0000000, 0x00000000f5a80000, 0x00000000fab00000)
  object space 92672K, 4% used [0x00000000f0000000,0x00000000f03b58e8,0x00000000f5a80000)
 Metaspace       used 15844K, capacity 15942K, committed 16128K, reserved 1062912K
  class space    used 1691K, capacity 1722K, committed 1792K, reserved 1048576K
GC Heap History (10 events):
Event: 0,809 GC heap before
{Heap before GC invocations=6 (full 0):
 PSYoungGen      total 2560K, used 2560K [0x00000000fab00000, 0x00000000fb200000, 0x0000000100000000)
  eden space 2048K, 100% used [0x00000000fab00000,0x00000000fad00000,0x00000000fad00000)
  from space 512K, 100% used [0x00000000fad00000,0x00000000fad80000,0x00000000fad80000)
  to   space 1536K, 0% used [0x00000000fb080000,0x00000000fb080000,0x00000000fb200000)
 ParOldGen       total 92672K, used 1565K [0x00000000f0000000, 0x00000000f5a80000, 0x00000000fab00000)
  object space 92672K, 1% used [0x00000000f0000000,0x00000000f0187520,0x00000000f5a80000)
 Metaspace       used 5509K, capacity 5590K, committed 5760K, reserved 1056768K
  class space    used 529K, capacity 561K, committed 640K, reserved 1048576K
Event: 0,813 GC heap after
Heap after GC invocations=6 (full 0):
 PSYoungGen      total 5632K, used 963K [0x00000000fab00000, 0x00000000fb200000, 0x0000000100000000)
  eden space 4096K, 0% used [0x00000000fab00000,0x00000000fab00000,0x00000000faf00000)
  from space 1536K, 62% used [0x00000000fb080000,0x00000000fb170e30,0x00000000fb200000)
  to   space 1536K, 0% used [0x00000000faf00000,0x00000000faf00000,0x00000000fb080000)
 ParOldGen       total 92672K, used 1573K [0x00000000f0000000, 0x00000000f5a80000, 0x00000000fab00000)
  object space 92672K, 1% used [0x00000000f0000000,0x00000000f0189520,0x00000000f5a80000)
 Metaspace       used 5509K, capacity 5590K, committed 5760K, reserved 1056768K
  class space    used 529K, capacity 561K, committed 640K, reserved 1048576K
}
Event: 1,031 GC heap before
{Heap before GC invocations=7 (full 0):
 PSYoungGen      total 5632K, used 5059K [0x00000000fab00000, 0x00000000fb200000, 0x0000000100000000)
  eden space 4096K, 100% used [0x00000000fab00000,0x00000000faf00000,0x00000000faf00000)
  from space 1536K, 62% used [0x00000000fb080000,0x00000000fb170e30,0x00000000fb200000)
  to   space 1536K, 0% used [0x00000000faf00000,0x00000000faf00000,0x00000000fb080000)
 ParOldGen       total 92672K, used 1573K [0x00000000f0000000, 0x00000000f5a80000, 0x00000000fab00000)
  object space 92672K, 1% used [0x00000000f0000000,0x00000000f0189520,0x00000000f5a80000)
 Metaspace       used 6261K, capacity 6332K, committed 6656K, reserved 1056768K
  class space    used 624K, capacity 658K, committed 768K, reserved 1048576K
Event: 1,034 GC heap after
Heap after GC invocations=7 (full 0):
 PSYoungGen      total 5632K, used 1513K [0x00000000fab00000, 0x00000000fb700000, 0x0000000100000000)
  eden space 4096K, 0% used [0x00000000fab00000,0x00000000fab00000,0x00000000faf00000)
  from space 1536K, 98% used [0x00000000faf00000,0x00000000fb07a6f8,0x00000000fb080000)
  to   space 2048K, 0% used [0x00000000fb500000,0x00000000fb500000,0x00000000fb700000)
 ParOldGen       total 92672K, used 1794K [0x00000000f0000000, 0x00000000f5a80000, 0x00000000fab00000)
  object space 92672K, 1% used [0x00000000f0000000,0x00000000f01c0840,0x00000000f5a80000)
 Metaspace       used 6261K, capacity 6332K, committed 6656K, reserved 1056768K
  class space    used 624K, capacity 658K, committed 768K, reserved 1048576K
}
Event: 1,510 GC heap before
{Heap before GC invocations=8 (full 0):
 PSYoungGen      total 5632K, used 5609K [0x00000000fab00000, 0x00000000fb700000, 0x0000000100000000)
  eden space 4096K, 100% used [0x00000000fab00000,0x00000000faf00000,0x00000000faf00000)
  from space 1536K, 98% used [0x00000000faf00000,0x00000000fb07a6f8,0x00000000fb080000)
  to   space 2048K, 0% used [0x00000000fb500000,0x00000000fb500000,0x00000000fb700000)
 ParOldGen       total 92672K, used 1794K [0x00000000f0000000, 0x00000000f5a80000, 0x00000000fab00000)
  object space 92672K, 1% used [0x00000000f0000000,0x00000000f01c0840,0x00000000f5a80000)
 Metaspace       used 7972K, capacity 8060K, committed 8320K, reserved 1056768K
  class space    used 806K, capacity 850K, committed 896K, reserved 1048576K
Event: 1,515 GC heap after
Heap after GC invocations=8 (full 0):
 PSYoungGen      total 9728K, used 2041K [0x00000000fab00000, 0x00000000fb800000, 0x0000000100000000)
  eden space 7680K, 0% used [0x00000000fab00000,0x00000000fab00000,0x00000000fb280000)
  from space 2048K, 99% used [0x00000000fb500000,0x00000000fb6fe6d0,0x00000000fb700000)
  to   space 2560K, 0% used [0x00000000fb280000,0x00000000fb280000,0x00000000fb500000)
 ParOldGen       total 92672K, used 2088K [0x00000000f0000000, 0x00000000f5a80000, 0x00000000fab00000)
  object space 92672K, 2% used [0x00000000f0000000,0x00000000f020a3f0,0x00000000f5a80000)
 Metaspace       used 7972K, capacity 8060K, committed 8320K, reserved 1056768K
  class space    used 806K, capacity 850K, committed 896K, reserved 1048576K
}
Event: 2,352 GC heap before
{Heap before GC invocations=9 (full 0):
 PSYoungGen      total 9728K, used 9721K [0x00000000fab00000, 0x00000000fb800000, 0x0000000100000000)
  eden space 7680K, 100% used [0x00000000fab00000,0x00000000fb280000,0x00000000fb280000)
  from space 2048K, 99% used [0x00000000fb500000,0x00000000fb6fe6d0,0x00000000fb700000)
  to   space 2560K, 0% used [0x00000000fb280000,0x00000000fb280000,0x00000000fb500000)
 ParOldGen       total 92672K, used 2088K [0x00000000f0000000, 0x00000000f5a80000, 0x00000000fab00000)
  object space 92672K, 2% used [0x00000000f0000000,0x00000000f020a3f0,0x00000000f5a80000)
 Metaspace       used 10717K, capacity 10780K, committed 10880K, reserved 1058816K
  class space    used 1112K, capacity 1138K, committed 1152K, reserved 1048576K
Event: 2,357 GC heap after
Heap after GC invocations=9 (full 0):
 PSYoungGen      total 10240K, used 2552K [0x00000000fab00000, 0x00000000fbd00000, 0x0000000100000000)
  eden space 7680K, 0% used [0x00000000fab00000,0x00000000fab00000,0x00000000fb280000)
  from space 2560K, 99% used [0x00000000fb280000,0x00000000fb4fe160,0x00000000fb500000)
  to   space 3072K, 0% used [0x00000000fba00000,0x00000000fba00000,0x00000000fbd00000)
 ParOldGen       total 92672K, used 2785K [0x00000000f0000000, 0x00000000f5a80000, 0x00000000fab00000)
  object space 92672K, 3% used [0x00000000f0000000,0x00000000f02b8550,0x00000000f5a80000)
 Metaspace       used 10717K, capacity 10780K, committed 10880K, reserved 1058816K
  class space    used 1112K, capacity 1138K, committed 1152K, reserved 1048576K
}
Event: 2,991 GC heap before
{Heap before GC invocations=10 (full 0):
 PSYoungGen      total 10240K, used 10232K [0x00000000fab00000, 0x00000000fbd00000, 0x0000000100000000)
  eden space 7680K, 100% used [0x00000000fab00000,0x00000000fb280000,0x00000000fb280000)
  from space 2560K, 99% used [0x00000000fb280000,0x00000000fb4fe160,0x00000000fb500000)
  to   space 3072K, 0% used [0x00000000fba00000,0x00000000fba00000,0x00000000fbd00000)
 ParOldGen       total 92672K, used 2785K [0x00000000f0000000, 0x00000000f5a80000, 0x00000000fab00000)
  object space 92672K, 3% used [0x00000000f0000000,0x00000000f02b8550,0x00000000f5a80000)
 Metaspace       used 14081K, capacity 14248K, committed 14336K, reserved 1062912K
  class space    used 1467K, capacity 1525K, committed 1536K, reserved 1048576K
Event: 2,996 GC heap after
Heap after GC invocations=10 (full 0):
 PSYoungGen      total 14848K, used 2173K [0x00000000fab00000, 0x00000000fbe00000, 0x0000000100000000)
  eden space 11776K, 0% used [0x00000000fab00000,0x00000000fab00000,0x00000000fb680000)
  from space 3072K, 70% used [0x00000000fba00000,0x00000000fbc1f4d0,0x00000000fbd00000)
  to   space 3584K, 0% used [0x00000000fb680000,0x00000000fb680000,0x00000000fba00000)
 ParOldGen       total 92672K, used 3798K [0x00000000f0000000, 0x00000000f5a80000, 0x00000000fab00000)
  object space 92672K, 4% used [0x00000000f0000000,0x00000000f03b58e8,0x00000000f5a80000)
 Metaspace       used 14081K, capacity 14248K, committed 14336K, reserved 1062912K
  class space    used 1467K, capacity 1525K, committed 1536K, reserved 1048576K
}

